<?xml version="1.0" encoding="UTF-8"?>
<testsuite xmlns:xsi="http://www.w3.org/2001/XMLSchema-instance" xsi:noNamespaceSchemaLocation="https://maven.apache.org/surefire/maven-surefire-plugin/xsd/surefire-test-report-3.0.xsd" version="3.0" name="TestSuite" time="21.248" tests="2" errors="0" skipped="0" failures="0">
  <properties>
[...]
</properties>
  <testcase name="testOdooHomePageLoads" classname="com.example.tests.OdooHomePageTest" time="3.484">
    <system-out><![CDATA[Connecting to Selenium Grid at: http://localhost:4444/wd/hub
WebDriver session created successfully
Starting test: testOdooHomePageLoads
Page title: Free online CRM software | Odoo
Test passed: Odoo homepage loaded successfully
]]></system-out>
    <system-err><![CDATA[SLF4J: Failed to load class "org.slf4j.impl.StaticLoggerBinder".
SLF4J: Defaulting to no-operation (NOP) logger implementation
SLF4J: See http://www.slf4j.org/codes.html#StaticLoggerBinder for further details.
Dec 29, 2025 3:00:55 PM org.openqa.selenium.remote.tracing.opentelemetry.OpenTelemetryTracer createTracer
INFO: Using OpenTelemetry for tracing
]]></system-err>
  </testcase>
  <testcase name="testOdooPricing" classname="com.example.tests.OdooHomePageTest" time="7.71">
    <system-out><![CDATA[Closing WebDriver session
Connecting to Selenium Grid at: http://localhost:4444/wd/hub
WebDriver session created successfully
Starting test: testOdooPricing
Standard Package Pricing: 580
Test passed: Verify Odoo pricing works correctly
]]></system-out>
  </testcase>
</testsuite>