<?xml version="1.0" encoding="UTF-8"?>
<testng-results ignored="0" total="2" passed="2" failed="0" skipped="0">
  <reporter-output>
  </reporter-output>
  <suite started-at="2025-12-29T15:00:55 IST" name="Docker Selenium Test Suite" finished-at="2025-12-29T15:01:15 IST" duration-ms="20779">
    <groups>
    </groups>
    <test started-at="2025-12-29T15:00:55 IST" name="Google Tests" finished-at="2025-12-29T15:01:15 IST" duration-ms="20779">
      <class name="com.example.tests.OdooHomePageTest">
        <test-method is-config="true" signature="setUp()[pri:0, instance:com.example.tests.OdooHomePageTest@498d318c]" started-at="2025-12-29T15:00:55 IST" name="setUp" finished-at="2025-12-29T15:01:03 IST" duration-ms="8301" status="PASS">
          <reporter-output>
          </reporter-output>
        </test-method> <!-- setUp -->
        <test-method signature="testOdooHomePageLoads()[pri:0, instance:com.example.tests.OdooHomePageTest@498d318c]" started-at="2025-12-29T15:01:03 IST" name="testOdooHomePageLoads" description="Verify Odoo homepage loads successfully" finished-at="2025-12-29T15:01:06 IST" duration-ms="3485" status="PASS">
          <reporter-output>
          </reporter-output>
        </test-method> <!-- testOdooHomePageLoads -->
        <test-method is-config="true" signature="tearDown()[pri:0, instance:com.example.tests.OdooHomePageTest@498d318c]" started-at="2025-12-29T15:01:06 IST" name="tearDown" finished-at="2025-12-29T15:01:07 IST" duration-ms="192" status="PASS">
          <reporter-output>
          </reporter-output>
        </test-method> <!-- tearDown -->
        <test-method is-config="true" signature="setUp()[pri:0, instance:com.example.tests.OdooHomePageTest@498d318c]" started-at="2025-12-29T15:01:07 IST" name="setUp" finished-at="2025-12-29T15:01:07 IST" duration-ms="853" status="PASS">
          <reporter-output>
          </reporter-output>
        </test-method> <!-- setUp -->
        <test-method signature="testOdooPricing()[pri:0, instance:com.example.tests.OdooHomePageTest@498d318c]" started-at="2025-12-29T15:01:07 IST" name="testOdooPricing" description="Verify Odoo pricing works correctly" finished-at="2025-12-29T15:01:15 IST" duration-ms="7710" status="PASS">
          <reporter-output>
          </reporter-output>
        </test-method> <!-- testOdooPricing -->
        <test-method is-config="true" signature="tearDown()[pri:0, instance:com.example.tests.OdooHomePageTest@498d318c]" started-at="2025-12-29T15:01:15 IST" name="tearDown" finished-at="2025-12-29T15:01:15 IST" duration-ms="211" status="PASS">
          <reporter-output>
          </reporter-output>
        </test-method> <!-- tearDown -->
      </class> <!-- com.example.tests.OdooHomePageTest -->
    </test> <!-- Google Tests -->
  </suite> <!-- Docker Selenium Test Suite -->
</testng-results>
