<?xml version="1.0" encoding="UTF-8"?>
<!-- Generated by org.testng.reporters.JUnitReportReporter -->
<testsuite hostname="SWAPNIL" failures="0" tests="2" name="com.example.tests.OdooHomePageTest" time="20.752" errors="0" timestamp="2025-12-29T15:01:15 IST" skipped="0">
  <testcase classname="com.example.tests.OdooHomePageTest" name="testOdooPricing" time="8.755"/>
  <testcase classname="com.example.tests.OdooHomePageTest" name="testOdooHomePageLoads" time="11.997"/>
</testsuite> <!-- com.example.tests.OdooHomePageTest -->
